[17:03:07] ============================================================
[17:03:07] 启动 AlphaPilot Pro (模块化版本)
[17:03:07] ============================================================
[17:03:09] [成功] 交易引擎初始化完成
[17:03:09] [成功] 加载配置文件: D:\迅投QMT交易终端 华林证券模拟版\mpython\data\stock_personalities.json
[17:03:09] [初始化] 加载观察名单：20只股票
[17:03:09] [初始化] 加载精英名单：0只
[17:03:09] [初始化] 加载精英名单：0只
[17:03:09] [日期] 新交易日：20260414
[17:03:09] [大盘] 上证指数：0.5%
[17:03:09] [保存] 扫描完成，0只入选精英名单
[17:03:09] [保存] 文件写入成功：D:\迅投QMT交易终端 华林证券模拟版\mpython\yesterday_holdings.json
[17:03:12] [保存] 扫描完成，0只入选精英名单
[17:03:12] [保存] 文件写入成功：D:\迅投QMT交易终端 华林证券模拟版\mpython\yesterday_holdings.json
[17:03:39] [大盘] 上证指数：0.5%
[17:04:09] [大盘] 上证指数：0.5%
[17:04:39] [大盘] 上证指数：0.5%
[17:05:10] [大盘] 上证指数：0.5%
[18:28:59] ============================================================
[18:28:59] 启动 AlphaPilot Pro (模块化版本)
[18:28:59] ============================================================
[18:29:01] [成功] 交易引擎初始化完成
[18:29:01] [成功] 加载配置文件: D:\迅投QMT交易终端 华林证券模拟版\mpython\data\stock_personalities.json
[18:29:01] [初始化] 加载观察名单：20只股票
[18:29:01] [初始化] 加载精英名单：0只
[18:29:01] [初始化] 加载精英名单：0只
[18:29:01] [日期] 新交易日：20260414
[18:29:01] [大盘] 上证指数：0.5%
[18:29:01] [保存] 扫描完成，0只入选精英名单
[18:29:01] [保存] 文件写入成功：D:\迅投QMT交易终端 华林证券模拟版\mpython\yesterday_holdings.json
[18:29:04] [保存] 扫描完成，0只入选精英名单
[18:29:04] [保存] 文件写入成功：D:\迅投QMT交易终端 华林证券模拟版\mpython\yesterday_holdings.json
[18:29:31] [大盘] 上证指数：0.5%
[18:30:01] [大盘] 上证指数：0.5%
[18:30:31] [大盘] 上证指数：0.5%
[18:31:01] [大盘] 上证指数：0.5%
[18:31:31] [大盘] 上证指数：0.5%
[18:32:02] [大盘] 上证指数：0.5%
[18:32:32] [大盘] 上证指数：0.5%
[18:33:02] [大盘] 上证指数：0.5%
[18:33:32] [大盘] 上证指数：0.5%
[18:34:02] [大盘] 上证指数：0.5%
[18:34:32] [大盘] 上证指数：0.5%
[18:46:04] ============================================================
[18:46:04] 启动 AlphaPilot Pro (模块化版本)
[18:46:04] ============================================================
[18:46:06] [成功] 交易引擎初始化完成
[18:46:06] [成功] 加载配置文件: D:\迅投QMT交易终端 华林证券模拟版\mpython\data\stock_personalities.json
[18:46:06] [初始化] 加载观察名单：20只股票
[18:46:06] [初始化] 加载精英名单：0只
[18:46:06] [初始化] 加载精英名单：0只
[18:46:06] [日期] 新交易日：20260414
[18:46:06] [大盘] 上证指数：0.5%
[18:46:06] [保存] 扫描完成，0只入选精英名单
[18:46:06] [保存] 文件写入成功：D:\迅投QMT交易终端 华林证券模拟版\mpython\yesterday_holdings.json
[18:46:09] [保存] 扫描完成，0只入选精英名单
[18:46:09] [保存] 文件写入成功：D:\迅投QMT交易终端 华林证券模拟版\mpython\yesterday_holdings.json
[18:51:33] ============================================================
[18:51:33] 启动 AlphaPilot Pro (模块化版本)
[18:51:33] ============================================================
[18:51:35] [成功] 交易引擎初始化完成
[18:51:35] [成功] 加载配置文件: D:\迅投QMT交易终端 华林证券模拟版\mpython\data\stock_personalities.json
[18:51:35] [初始化] 加载观察名单：20只股票
[18:51:35] [初始化] 加载精英名单：0只
[18:51:35] [初始化] 加载精英名单：0只
[18:51:35] [日期] 新交易日：20260414
[18:51:35] [大盘] 上证指数：0.5%
[18:51:35] [保存] 扫描完成，0只入选精英名单
[18:51:35] [保存] 文件写入成功：D:\迅投QMT交易终端 华林证券模拟版\mpython\yesterday_holdings.json
[18:51:38] [保存] 扫描完成，0只入选精英名单
[18:51:38] [保存] 文件写入成功：D:\迅投QMT交易终端 华林证券模拟版\mpython\yesterday_holdings.json
[18:52:02] [止损] 当前时间 18:52 已超过最晚执行时间 14:50，今日止损检查结束
[18:52:05] [大盘] 上证指数：0.5%
[18:52:35] [大盘] 上证指数：0.5%
[18:53:02] [止损] 当前时间 18:53 已超过最晚执行时间 14:50，今日止损检查结束
[18:53:06] [大盘] 上证指数：0.5%
[18:59:49] ============================================================
[18:59:49] 启动 AlphaPilot Pro (模块化版本)
[18:59:49] ============================================================
[18:59:51] [成功] 交易引擎初始化完成
[18:59:51] [成功] 加载配置文件: D:\迅投QMT交易终端 华林证券模拟版\mpython\data\stock_personalities.json
[18:59:51] [初始化] 加载观察名单：20只股票
[18:59:51] [初始化] 加载精英名单：0只
[18:59:51] [初始化] 加载精英名单：0只
[18:59:51] [日期] 新交易日：20260414
[18:59:51] [大盘] 上证指数：0.5%
[18:59:51] [延时策略] >>> 开始检查观察名单
[18:59:51] [延时策略-保底] 300383.SZ 到达执行时间（14:39），执行保底买入
[18:59:51] [保底买入] 300383.SZ 量比为0（可能停牌或无成交），但保底机制跳过检查，继续执行
[18:59:51] [仓位] 300383.SZ 现金不足 (剩 14791.96)
[18:59:51] [延时策略-保底失败] 300383.SZ 买入订单提交失败，但仍会清除记录（防止延期）
[18:59:51] [延时策略-保底] 002498.SZ 到达执行时间（14:39），执行保底买入
[18:59:51] [保底买入] 002498.SZ 量比为0（可能停牌或无成交），但保底机制跳过检查，继续执行
[18:59:51] [仓位] 002498.SZ 现金不足 (剩 14791.96)
[18:59:51] [延时策略-保底失败] 002498.SZ 买入订单提交失败，但仍会清除记录（防止延期）
[18:59:51] [延时策略-保底] 301018.SZ 到达执行时间（14:39），执行保底买入
[18:59:51] [保底买入] 301018.SZ 量比为0（可能停牌或无成交），但保底机制跳过检查，继续执行
[18:59:51] [仓位] 301018.SZ 现金不足 (剩 14791.96)
[18:59:51] [延时策略-保底失败] 301018.SZ 买入订单提交失败，但仍会清除记录（防止延期）
[18:59:51] [延时策略-保底] 000677.SZ 到达执行时间（14:39），执行保底买入
[18:59:51] [保底买入] 000677.SZ 量比为0（可能停牌或无成交），但保底机制跳过检查，继续执行
[18:59:51] [仓位] 000677.SZ 现金不足 (剩 14791.96)
[18:59:51] [延时策略-保底失败] 000677.SZ 买入订单提交失败，但仍会清除记录（防止延期）
[18:59:51] [延时策略-保底] 301419.SZ 到达执行时间（14:39），执行保底买入
[18:59:51] [保底买入] 301419.SZ 量比为0（可能停牌或无成交），但保底机制跳过检查，继续执行
[18:59:51] [仓位] 301419.SZ 现金不足 (剩 14791.96)
[18:59:51] [延时策略-保底失败] 301419.SZ 买入订单提交失败，但仍会清除记录（防止延期）
[18:59:51] [延时策略-保底] 002046.SZ 到达执行时间（14:39），执行保底买入
[18:59:51] [保底买入] 002046.SZ 量比为0（可能停牌或无成交），但保底机制跳过检查，继续执行
[18:59:51] [仓位] 002046.SZ 现金不足 (剩 14791.96)
[18:59:51] [延时策略-保底失败] 002046.SZ 买入订单提交失败，但仍会清除记录（防止延期）
[18:59:51] [延时策略-保底] 301165.SZ 到达执行时间（14:39），执行保底买入
[18:59:51] [保底买入] 301165.SZ 量比为0（可能停牌或无成交），但保底机制跳过检查，继续执行
[18:59:51] [仓位] 301165.SZ 现金不足 (剩 14791.96)
[18:59:51] [延时策略-保底失败] 301165.SZ 买入订单提交失败，但仍会清除记录（防止延期）
[18:59:51] [延时策略-保底] 688392.SH 到达执行时间（14:39），执行保底买入
[18:59:51] [保底买入] 688392.SH 量比为0（可能停牌或无成交），但保底机制跳过检查，继续执行
[18:59:51] [仓位] 688392.SH 现金不足 (剩 14791.96)
[18:59:51] [延时策略-保底失败] 688392.SH 买入订单提交失败，但仍会清除记录（防止延期）
[18:59:51] [延时策略-保底] 603538.SH 到达执行时间（14:39），执行保底买入
[18:59:51] [保底买入] 603538.SH 量比为0（可能停牌或无成交），但保底机制跳过检查，继续执行
[18:59:51] [仓位] 603538.SH 现金不足 (剩 14791.96)
[18:59:51] [延时策略-保底失败] 603538.SH 买入订单提交失败，但仍会清除记录（防止延期）
[18:59:51] [延时策略-保底] 002131.SZ 到达执行时间（14:39），执行保底买入
[18:59:51] [保底买入] 002131.SZ 量比为0（可能停牌或无成交），但保底机制跳过检查，继续执行
[18:59:51] [仓位] 002131.SZ 现金不足 (剩 14791.96)
[18:59:51] [延时策略-保底失败] 002131.SZ 买入订单提交失败，但仍会清除记录（防止延期）
[18:59:51] [延时策略-保底] 000537.SZ 到达执行时间（14:39），执行保底买入
[18:59:51] [保底买入] 000537.SZ 量比为0（可能停牌或无成交），但保底机制跳过检查，继续执行
[18:59:51] [仓位] 000537.SZ 现金不足 (剩 14791.96)
[18:59:51] [延时策略-保底失败] 000537.SZ 买入订单提交失败，但仍会清除记录（防止延期）
[18:59:51] [保存] 观察名单已更新：9只
[18:59:51] [延时策略-清理] 已从观察名单移除 11 只股票（无论成败，目标日结束必须清除）
[18:59:51] [大盘] 上证指数：0.5%
[18:59:51] [卖出信号] 300953.SZ 直接进入卖出流程，不经过延时策略
[18:59:51] [卖出信号] 300953.SZ 直接进入卖出流程，不经过延时策略
[18:59:51] [归档] signal_batch_20260413_150213_375093.txt -> processed
[18:59:51] [火箭] 当前总浮盈：7022.21元，阶段：0
[18:59:51] [保存] 扫描完成，0只入选精英名单
[18:59:51] [保存] 文件写入成功：D:\迅投QMT交易终端 华林证券模拟版\mpython\yesterday_holdings.json
[18:59:54] [延时策略] >>> 开始检查观察名单
[18:59:54] [火箭] 当前总浮盈：7022.21元，阶段：0
[18:59:54] [保存] 扫描完成，0只入选精英名单
[18:59:54] [保存] 文件写入成功：D:\迅投QMT交易终端 华林证券模拟版\mpython\yesterday_holdings.json
[18:59:57] [延时策略] >>> 开始检查观察名单
[18:59:57] [火箭] 当前总浮盈：7022.21元，阶段：0
[19:00:00] [延时策略] >>> 开始检查观察名单
[19:00:00] [火箭] 当前总浮盈：7022.21元，阶段：0
[19:00:03] [止损] 当前时间 19:00 已超过最晚执行时间 14:50，今日止损检查结束
[19:00:03] [延时策略] >>> 开始检查观察名单
[19:00:03] [火箭] 当前总浮盈：7022.21元，阶段：0
[19:00:06] [延时策略] >>> 开始检查观察名单
[19:00:06] [火箭] 当前总浮盈：7022.21元，阶段：0
[19:00:09] [延时策略] >>> 开始检查观察名单
[19:00:09] [火箭] 当前总浮盈：7022.21元，阶段：0
[19:00:12] [延时策略] >>> 开始检查观察名单
[19:00:13] [火箭] 当前总浮盈：7022.21元，阶段：0
[19:00:16] [延时策略] >>> 开始检查观察名单
[19:00:16] [火箭] 当前总浮盈：7022.21元，阶段：0
[19:00:19] [延时策略] >>> 开始检查观察名单
[19:00:19] [火箭] 当前总浮盈：7022.21元，阶段：0
[19:00:22] [大盘] 上证指数：0.5%
[19:00:22] [延时策略] >>> 开始检查观察名单
[19:00:22] [火箭] 当前总浮盈：7022.21元，阶段：0
[19:00:25] [延时策略] >>> 开始检查观察名单
[19:00:25] [火箭] 当前总浮盈：7022.21元，阶段：0
[19:00:28] [延时策略] >>> 开始检查观察名单
[19:00:28] [火箭] 当前总浮盈：7022.21元，阶段：0
[19:00:31] [延时策略] >>> 开始检查观察名单
[19:00:31] [火箭] 当前总浮盈：7022.21元，阶段：0
[19:00:34] [延时策略] >>> 开始检查观察名单
[19:00:34] [火箭] 当前总浮盈：7022.21元，阶段：0
[19:00:37] [延时策略] >>> 开始检查观察名单
[19:00:37] [火箭] 当前总浮盈：7022.21元，阶段：0
[19:00:40] [延时策略] >>> 开始检查观察名单
[19:00:40] [火箭] 当前总浮盈：7022.21元，阶段：0
