[17:39:21] ============================================================
[17:39:21] 启动 AlphaPilot Pro (模块化版本)
[17:39:21] ============================================================
[17:39:23] [成功] 交易引擎初始化完成
[17:39:23] [成功] 加载配置文件: D:\迅投QMT交易终端 华林证券模拟版\mpython\data\stock_personalities.json
[17:39:23] [初始化] 加载观察名单：20只股票
[17:39:23] [初始化] 未找到状态文件，初始化为空
[17:39:23] [初始化] 未找到状态文件，初始化为空
[17:39:23] [日期] 新交易日：20260413
[17:39:23] [大盘] 上证指数：0.44%
[17:39:23] [保存] 扫描完成，0只入选精英名单
[17:39:23] [保存] 文件写入成功：D:\迅投QMT交易终端 华林证券模拟版\mpython\yesterday_holdings.json
[17:39:26] [保存] 扫描完成，0只入选精英名单
[17:39:26] [保存] 文件写入成功：D:\迅投QMT交易终端 华林证券模拟版\mpython\yesterday_holdings.json
[17:39:53] [大盘] 上证指数：0.44%
[18:02:00] ============================================================
[18:02:00] 启动 AlphaPilot Pro (模块化版本)
[18:02:00] ============================================================
[18:02:02] [成功] 交易引擎初始化完成
[18:02:02] [成功] 加载配置文件: D:\迅投QMT交易终端 华林证券模拟版\mpython\data\stock_personalities.json
[18:02:02] [初始化] 加载观察名单：20只股票
[18:02:02] [初始化] 加载精英名单：0只
[18:02:02] [初始化] 加载精英名单：0只
[18:02:02] [日期] 新交易日：20260413
[18:02:02] [大盘] 上证指数：0.44%
[18:02:02] [保存] 扫描完成，0只入选精英名单
[18:02:02] [保存] 文件写入成功：D:\迅投QMT交易终端 华林证券模拟版\mpython\yesterday_holdings.json
[18:02:05] [保存] 扫描完成，0只入选精英名单
[18:02:05] [保存] 文件写入成功：D:\迅投QMT交易终端 华林证券模拟版\mpython\yesterday_holdings.json
[18:02:32] [大盘] 上证指数：0.44%
[18:03:02] [大盘] 上证指数：0.44%
[18:03:32] [大盘] 上证指数：0.44%
[18:04:03] [大盘] 上证指数：0.44%
[18:04:33] [大盘] 上证指数：0.44%
[18:34:55] ============================================================
[18:34:55] 启动 AlphaPilot Pro (模块化版本)
[18:34:55] ============================================================
[18:34:57] [成功] 交易引擎初始化完成
[18:34:57] [成功] 加载配置文件: D:\迅投QMT交易终端 华林证券模拟版\mpython\data\stock_personalities.json
[18:34:57] [初始化] 加载观察名单：20只股票
[18:34:57] [初始化] 加载精英名单：0只
[18:34:57] [初始化] 加载精英名单：0只
[18:34:57] [日期] 新交易日：20260413
[18:34:57] [大盘] 上证指数：0.44%
[18:34:58] [保存] 扫描完成，0只入选精英名单
[18:34:58] [保存] 文件写入成功：D:\迅投QMT交易终端 华林证券模拟版\mpython\yesterday_holdings.json
[18:35:01] [保存] 扫描完成，0只入选精英名单
[18:35:01] [保存] 文件写入成功：D:\迅投QMT交易终端 华林证券模拟版\mpython\yesterday_holdings.json
[18:35:28] [大盘] 上证指数：0.44%
[18:35:58] [大盘] 上证指数：0.44%
[18:38:05] ============================================================
[18:38:05] 启动 AlphaPilot Pro (模块化版本)
[18:38:05] ============================================================
[18:38:07] [成功] 交易引擎初始化完成
[18:38:07] [成功] 加载配置文件: D:\迅投QMT交易终端 华林证券模拟版\mpython\data\stock_personalities.json
[18:38:07] [初始化] 加载观察名单：20只股票
[18:38:07] [初始化] 加载精英名单：0只
[18:38:07] [初始化] 加载精英名单：0只
[18:38:07] [日期] 新交易日：20260413
[18:38:07] [大盘] 上证指数：0.44%
[18:38:07] [保存] 扫描完成，0只入选精英名单
[18:38:07] [保存] 文件写入成功：D:\迅投QMT交易终端 华林证券模拟版\mpython\yesterday_holdings.json
[18:38:10] [保存] 扫描完成，0只入选精英名单
[18:38:10] [保存] 文件写入成功：D:\迅投QMT交易终端 华林证券模拟版\mpython\yesterday_holdings.json
[18:38:37] [大盘] 上证指数：0.44%
[18:39:04] [止损] 当前时间 18:39 已超过最晚执行时间 14:50，今日止损检查结束
[18:39:07] [大盘] 上证指数：0.44%
[18:39:37] [大盘] 上证指数：0.44%
[18:40:08] [大盘] 上证指数：0.44%
[18:40:38] [大盘] 上证指数：0.44%
[18:41:08] [大盘] 上证指数：0.44%
[18:41:38] [大盘] 上证指数：0.44%
[18:42:08] [大盘] 上证指数：0.44%
[18:42:38] [大盘] 上证指数：0.44%
[18:43:08] [大盘] 上证指数：0.44%
[18:43:38] [大盘] 上证指数：0.44%
[18:44:09] [大盘] 上证指数：0.44%
[18:44:39] [大盘] 上证指数：0.44%
[18:45:09] [大盘] 上证指数：0.44%
[18:45:39] [大盘] 上证指数：0.44%
[18:46:09] [大盘] 上证指数：0.44%
[18:46:39] [大盘] 上证指数：0.44%
[18:47:09] [大盘] 上证指数：0.44%
[19:02:40] ============================================================
[19:02:40] 启动 AlphaPilot Pro (模块化版本)
[19:02:40] ============================================================
[19:02:42] [成功] 交易引擎初始化完成
[19:02:42] [成功] 加载配置文件: D:\迅投QMT交易终端 华林证券模拟版\mpython\data\stock_personalities.json
[19:02:42] [初始化] 加载观察名单：20只股票
[19:02:42] [初始化] 加载精英名单：0只
[19:02:42] [初始化] 加载精英名单：0只
[19:02:42] [日期] 新交易日：20260413
[19:02:42] [大盘] 上证指数：0.44%
[19:02:42] [保存] 扫描完成，0只入选精英名单
[19:02:42] [保存] 文件写入成功：D:\迅投QMT交易终端 华林证券模拟版\mpython\yesterday_holdings.json
[19:02:45] [保存] 扫描完成，0只入选精英名单
[19:02:45] [保存] 文件写入成功：D:\迅投QMT交易终端 华林证券模拟版\mpython\yesterday_holdings.json
[19:03:12] [大盘] 上证指数：0.44%
[19:03:42] [大盘] 上证指数：0.44%
[19:04:12] [大盘] 上证指数：0.44%
[19:04:42] [大盘] 上证指数：0.44%
[19:05:12] [大盘] 上证指数：0.44%
[19:05:43] [大盘] 上证指数：0.44%
[19:06:13] [大盘] 上证指数：0.44%
[19:06:43] [大盘] 上证指数：0.44%
[19:07:13] [大盘] 上证指数：0.44%
[19:07:43] [大盘] 上证指数：0.44%
[19:08:13] [大盘] 上证指数：0.44%
[19:08:43] [大盘] 上证指数：0.44%
[19:09:13] [大盘] 上证指数：0.44%
[19:09:43] [大盘] 上证指数：0.44%
[19:10:13] [大盘] 上证指数：0.44%
[19:10:43] [大盘] 上证指数：0.44%
[19:11:14] [大盘] 上证指数：0.44%
[19:11:44] [大盘] 上证指数：0.44%
[19:12:14] [大盘] 上证指数：0.44%
[19:12:44] [大盘] 上证指数：0.44%
[19:12:47] [保存] 扫描完成，0只入选精英名单
[19:12:47] [保存] 文件写入成功：D:\迅投QMT交易终端 华林证券模拟版\mpython\yesterday_holdings.json
[19:13:14] [大盘] 上证指数：0.44%
[19:13:44] [大盘] 上证指数：0.44%
[19:14:14] [大盘] 上证指数：0.44%
[19:14:44] [大盘] 上证指数：0.44%
